[01:02:00] [ServerMain/INFO]: Environment: Environment[sessionHost=https://sessionserver.mojang.com, servicesHost=https://api.minecraftservices.com, name=PROD]
[01:02:01] [ServerMain/WARN]: Missing data pack paper
[01:02:04] [ServerMain/INFO]: Loaded 1337 recipes
[01:02:04] [ServerMain/INFO]: Loaded 1448 advancements
[01:02:04] [Server thread/INFO]: Starting minecraft server version 1.21.3
[01:02:04] [Server thread/INFO]: Loading properties
[01:02:04] [Server thread/INFO]: Default game type: SURVIVAL
[01:02:04] [Server thread/INFO]: Generating keypair
[01:02:04] [Server thread/INFO]: Starting Minecraft server on *:25565
[01:02:04] [Server thread/INFO]: Using epoll channel type
[01:02:04] [Server thread/WARN]: **** SERVER IS RUNNING IN OFFLINE/INSECURE MODE!
[01:02:04] [Server thread/WARN]: The server will make no attempt to authenticate usernames. Beware.
[01:02:04] [Server thread/WARN]: While this makes the game possible to play without internet access, it also opens up the ability for hackers to connect with any username they choose.
[01:02:04] [Server thread/WARN]: To change this, set "online-mode" to "true" in the server.properties file.
[01:02:04] [Server thread/INFO]: Preparing level "world"
[01:02:05] [Server thread/INFO]: Preparing start region for dimension minecraft:overworld
[01:02:05] [Server thread/INFO]: Time elapsed: 23 ms
[01:02:05] [Server thread/INFO]: Done (0.703s)! For help, type "help"
[01:02:05] [Server thread/INFO]: Unknown or incomplete command, see below for error
[01:02:05] [Server thread/INFO]: home/codespace/.python/current/bin/python3 /workspaces/4-6-15-real/msx.py<--[HERE]
[01:02:17] [Server thread/INFO]: Stopping the server
[01:02:17] [Server thread/INFO]: Stopping server
[01:02:17] [Server thread/INFO]: Saving players
[01:02:17] [Server thread/INFO]: Saving worlds
[01:02:17] [Server thread/INFO]: Saving chunks for level 'ServerLevel[world]'/minecraft:overworld
[01:02:17] [Server thread/INFO]: Saving chunks for level 'ServerLevel[world]'/minecraft:the_end
[01:02:17] [Server thread/INFO]: Saving chunks for level 'ServerLevel[world]'/minecraft:the_nether
[01:02:17] [Server thread/INFO]: ThreadedAnvilChunkStorage (world): All chunks are saved
[01:02:17] [Server thread/INFO]: ThreadedAnvilChunkStorage (DIM1): All chunks are saved
[01:02:17] [Server thread/INFO]: ThreadedAnvilChunkStorage (DIM-1): All chunks are saved
[01:02:17] [Server thread/INFO]: ThreadedAnvilChunkStorage: All dimensions are saved
